number,value,datetime_start,datetime_complete,duration,params_base,params_batch_size,params_dropout,params_emb_dim,params_lambda_l1,params_lr_d,params_lr_g,state
0,0.30766816437244415,2026-09-30 08:18:19.628987,2026-09-30 08:23:55.506356,0 days 00:05:35.877369,64,8,0.3005575058716044,32,121.06896936002164,0.0008627358286640176,0.0001535528683888687,COMPLETE
1,0.34136832505464554,2026-09-30 08:23:55.526468,2026-09-30 08:29:09.755836,0 days 00:05:14.229368,64,32,0.06974693032602092,32,105.0842133869176,8.620446097910778e-05,9.445600138094707e-05,COMPLETE
2,0.34372755512595177,2026-09-30 08:29:09.769497,2026-09-30 08:33:54.070005,0 days 00:04:44.300508,64,32,0.4828160165372797,8,77.66184280392886,0.00023334818836184617,9.093929525644111e-05,COMPLETE
3,0.3608981929719448,2026-09-30 08:33:54.085387,2026-09-30 08:34:49.547491,0 days 00:00:55.462104,48,32,0.2600340105889054,32,101.96967939171478,7.206848764305207e-05,0.00018690529340959007,PRUNED
4,0.3958592489361763,2026-09-30 08:34:49.561126,2026-09-30 08:36:12.096450,0 days 00:01:22.535324,64,16,0.194338644844741,16,23.200867504756822,0.0007297384471483423,0.000834230969314674,PRUNED
5,0.3781149685382843,2026-09-30 08:36:12.111080,2026-09-30 08:36:43.685810,0 days 00:00:31.574730,32,32,0.4077307142274171,32,12.483440997339653,7.626348515257591e-05,0.00025411709798607286,PRUNED
6,0.4418899491429329,2026-09-30 08:36:43.700918,2026-09-30 08:37:47.669761,0 days 00:01:03.968843,64,8,0.36480308916903204,16,14.308552498147842,7.074880787470712e-05,0.0001463338064274537,PRUNED
7,0.3598192259669304,2026-09-30 08:37:47.683677,2026-09-30 08:38:15.992026,0 days 00:00:28.308349,32,16,0.053945713496652226,16,45.884470473124296,0.0004883983328839159,0.00042356773126632795,PRUNED
8,0.31953130289912224,2026-09-30 08:38:16.005567,2026-09-30 08:41:45.416624,0 days 00:03:29.411057,48,16,0.46484882617128653,32,111.07120377605905,0.00010551317027300856,0.0007581256838789622,COMPLETE
9,0.3962625600397587,2026-09-30 08:41:45.430971,2026-09-30 08:42:00.976473,0 days 00:00:15.545502,32,32,0.21355389431312816,16,46.18463980051295,0.0007247964111811319,8.743861043586437e-05,PRUNED
10,0.358927920460701,2026-09-30 08:42:00.991179,2026-09-30 08:43:27.704355,0 days 00:01:26.713176,64,8,0.32004425123377817,8,177.29256751915227,0.00020643486486561413,5.568507078482557e-05,PRUNED
11,0.3102589286863804,2026-09-30 08:43:27.719089,2026-09-30 08:46:57.626449,0 days 00:03:29.907360,48,16,0.47675813424874275,32,195.3613573235395,0.00018046022545983642,0.0008833445798093911,COMPLETE
